Start testing: Dec 31 19:08 AST
----------------------------------------------------------
2/3 Testing: PrimesTest
2/3 Test: PrimesTest
Command: "/Users/jimmy/CLionProjects/Crypto/cmake-build-debug/PrimesTest"
Directory: /Users/jimmy/CLionProjects/Crypto/cmake-build-debug
"PrimesTest" start time: Dec 31 19:08 AST
Output:
----------------------------------------------------------
[==========] Running 6 tests from 2 test suites.
[----------] Global test environment set-up.
[----------] 4 tests from FermatPrimalityTest
[ RUN      ] FermatPrimalityTest.IdentifiesPrimes
[       OK ] FermatPrimalityTest.IdentifiesPrimes (0 ms)
[ RUN      ] FermatPrimalityTest.IdentifiesComposites
[       OK ] FermatPrimalityTest.IdentifiesComposites (0 ms)
[ RUN      ] FermatPrimalityTest.AcceptsMersennePrimes
[       OK ] FermatPrimalityTest.AcceptsMersennePrimes (4672 ms)
[ RUN      ] FermatPrimalityTest.RejectCarmichaelNumbers
[       OK ] FermatPrimalityTest.RejectCarmichaelNumbers (0 ms)
[----------] 4 tests from FermatPrimalityTest (4673 ms total)

[----------] 2 tests from MillerRabinPrimalityTest
[ RUN      ] MillerRabinPrimalityTest.IdentifiesPrimes
[       OK ] MillerRabinPrimalityTest.IdentifiesPrimes (0 ms)
[ RUN      ] MillerRabinPrimalityTest.IdentifiesComposites
[       OK ] MillerRabinPrimalityTest.IdentifiesComposites (0 ms)
[----------] 2 tests from MillerRabinPrimalityTest (0 ms total)

[----------] Global test environment tear-down
[==========] 6 tests from 2 test suites ran. (4673 ms total)
[  PASSED  ] 6 tests.
<end of output>
Test time =   5.54 sec
----------------------------------------------------------
Test Passed.
"PrimesTest" end time: Dec 31 19:08 AST
"PrimesTest" time elapsed: 00:00:05
----------------------------------------------------------

End testing: Dec 31 19:08 AST
